<?xml version="1.0" encoding="UTF-8"?>
<!-- Generated by org.testng.reporters.JUnitReportReporter -->
<testsuite skipped="0" hostname="8MXHL12" name="test.DraftQuickTest" tests="1" failures="0" timestamp="2020-02-26T00:56:08 CST" time="28.373" errors="0">
  <testcase name="AddTextToVerifyTextPosted" time="28.373" classname="test.DraftQuickTest"/>
</testsuite> <!-- test.DraftQuickTest -->
