<?xml version="1.0" encoding="UTF-8"?>
<!-- Generated by org.testng.reporters.JUnitReportReporter -->
<testsuite skipped="0" hostname="8MXHL12" name="test.QuickDraftTest" tests="1" failures="0" timestamp="2020-02-27T01:39:26 CST" time="18.851" errors="0">
  <testcase name="AddTextToVerifyTextPosted" time="18.851" classname="test.QuickDraftTest"/>
</testsuite> <!-- test.QuickDraftTest -->
