<?xml version="1.0" encoding="UTF-8"?>
<!-- Generated by org.testng.reporters.JUnitReportReporter -->
<testsuite skipped="0" hostname="8MXHL12" name="test.LoginTest" tests="2" failures="0" timestamp="2020-02-27T01:39:26 CST" time="26.770" errors="0">
  <testcase name="validUserShouldBeAbleToLogin" time="11.646" classname="test.LoginTest"/>
  <testcase name="invalidUserShouldNotBeAbleToLogin" time="15.124" classname="test.LoginTest"/>
</testsuite> <!-- test.LoginTest -->
